<?xml version="1.0" encoding="UTF-8"?>
<testng-results skipped="0" failed="0" ignored="0" total="1" passed="1">
  <reporter-output>
  </reporter-output>
  <suite name="Suite" duration-ms="21463" started-at="2018-11-29T08:40:49Z" finished-at="2018-11-29T08:41:11Z">
    <groups>
    </groups>
    <test name="Test" duration-ms="21463" started-at="2018-11-29T08:40:49Z" finished-at="2018-11-29T08:41:11Z">
      <class name="com.Testcases.TC_Login">
        <test-method status="PASS" signature="browsersetup()[pri:0, instance:com.Testcases.TC_Login@51efea79]" name="browsersetup" is-config="true" duration-ms="8199" started-at="2018-11-29T08:40:49Z" finished-at="2018-11-29T08:40:57Z">
          <reporter-output>
          </reporter-output>
        </test-method> <!-- browsersetup -->
        <test-method status="PASS" signature="loginmethod(java.lang.String, java.lang.String)[pri:0, instance:com.Testcases.TC_Login@51efea79]" name="loginmethod" duration-ms="12662" started-at="2018-11-29T08:40:58Z" data-provider="getdata" finished-at="2018-11-29T08:41:10Z">
          <params>
            <param index="0">
              <value>
                <![CDATA[ravi12@grr.la]]>
              </value>
            </param>
            <param index="1">
              <value>
                <![CDATA[Paymate@1]]>
              </value>
            </param>
          </params>
          <reporter-output>
          </reporter-output>
        </test-method> <!-- loginmethod -->
        <test-method status="PASS" signature="browserclose()[pri:0, instance:com.Testcases.TC_Login@51efea79]" name="browserclose" is-config="true" duration-ms="206" started-at="2018-11-29T08:41:10Z" finished-at="2018-11-29T08:41:11Z">
          <reporter-output>
          </reporter-output>
        </test-method> <!-- browserclose -->
      </class> <!-- com.Testcases.TC_Login -->
    </test> <!-- Test -->
  </suite> <!-- Suite -->
</testng-results>
