<?xml version="1.0" encoding="UTF-8"?>
<!-- Generated by org.testng.reporters.JUnitXMLReporter -->
<testsuite hostname="ESW016" ignored="0" name="Test" tests="1" failures="1" timestamp="01 Nov 2018 10:05:07 GMT" time="6.603" errors="0">
  <testcase name="loginmethod" time="6.584" classname="com.Testcases.TC_Login">
    <failure type="java.lang.NullPointerException">
      <![CDATA[java.lang.NullPointerException
at com.Pages.Loginpage.login(Loginpage.java:20)
at com.Testcases.TC_Login.loginmethod(TC_Login.java:14)
... Removed 25 stack frames]]>
    </failure>
  </testcase> <!-- loginmethod -->
</testsuite> <!-- Test -->
